2014-05-22 14:09:32,713 - [INFO] - from play in pool-41-thread-1 
Listening for HTTP on /0:0:0:0:0:0:0:0:9000

2014-05-22 14:09:45,594 - [INFO] - from play in play-internal-execution-context-1 
datasource [jdbc:h2:~/dblab4;DB_CLOSE_DELAY=-1;AUTO_SERVER=TRUE;AUTO_SERVER_PORT=9333] bound to JNDI as DefaultDS

2014-05-22 14:09:45,618 - [INFO] - from play in play-internal-execution-context-1 
database [default] connected at jdbc:h2:~/dblab4

2014-05-22 14:09:47,311 - [INFO] - from application in play-internal-execution-context-1 
Data from json file 'data.json' inserted.

2014-05-22 14:09:47,361 - [INFO] - from play in play-internal-execution-context-1 
Application started (Dev)

2014-05-22 14:10:16,619 - [ERROR] - from play in play-internal-execution-context-1 
Cannot invoke the action, eventually got an error: java.lang.UnsupportedOperationException: Not yet implemented.

2014-05-22 14:10:16,650 - [ERROR] - from application in play-internal-execution-context-1 


! @6iabchfi7 - Internal server error, for (POST) [/quiz] ->

play.api.Application$$anon$1: Execution exception[[UnsupportedOperationException: Not yet implemented.]]
	at play.api.Application$class.handleError(Application.scala:293) ~[play_2.10-2.2.2.jar:2.2.2]
	at play.api.DefaultApplication.handleError(Application.scala:399) [play_2.10-2.2.2.jar:2.2.2]
	at play.core.server.netty.PlayDefaultUpstreamHandler$$anonfun$2$$anonfun$applyOrElse$3.apply(PlayDefaultUpstreamHandler.scala:261) [play_2.10-2.2.2.jar:2.2.2]
	at play.core.server.netty.PlayDefaultUpstreamHandler$$anonfun$2$$anonfun$applyOrElse$3.apply(PlayDefaultUpstreamHandler.scala:261) [play_2.10-2.2.2.jar:2.2.2]
	at scala.Option.map(Option.scala:145) [scala-library.jar:na]
	at play.core.server.netty.PlayDefaultUpstreamHandler$$anonfun$2.applyOrElse(PlayDefaultUpstreamHandler.scala:261) [play_2.10-2.2.2.jar:2.2.2]
	at play.core.server.netty.PlayDefaultUpstreamHandler$$anonfun$2.applyOrElse(PlayDefaultUpstreamHandler.scala:257) [play_2.10-2.2.2.jar:2.2.2]
	at scala.concurrent.Future$$anonfun$recoverWith$1.apply(Future.scala:344) [scala-library.jar:na]
	at scala.concurrent.Future$$anonfun$recoverWith$1.apply(Future.scala:343) [scala-library.jar:na]
	at scala.concurrent.impl.CallbackRunnable.run(Promise.scala:32) [scala-library.jar:na]
	at play.api.libs.iteratee.Execution$$anon$1.execute(Execution.scala:43) [play-iteratees_2.10-2.2.2.jar:2.2.2]
	at scala.concurrent.impl.CallbackRunnable.executeWithValue(Promise.scala:40) [scala-library.jar:na]
	at scala.concurrent.impl.Promise$DefaultPromise.tryComplete(Promise.scala:248) [scala-library.jar:na]
	at scala.concurrent.Promise$class.complete(Promise.scala:55) [scala-library.jar:na]
	at scala.concurrent.impl.Promise$DefaultPromise.complete(Promise.scala:153) [scala-library.jar:na]
	at scala.concurrent.Future$$anonfun$map$1.apply(Future.scala:235) [scala-library.jar:na]
	at scala.concurrent.Future$$anonfun$map$1.apply(Future.scala:235) [scala-library.jar:na]
	at scala.concurrent.impl.CallbackRunnable.run(Promise.scala:32) [scala-library.jar:na]
	at scala.concurrent.forkjoin.ForkJoinTask$AdaptedRunnableAction.exec(ForkJoinTask.java:1361) [scala-library.jar:na]
	at scala.concurrent.forkjoin.ForkJoinTask.doExec(ForkJoinTask.java:260) [scala-library.jar:na]
	at scala.concurrent.forkjoin.ForkJoinPool$WorkQueue.runTask(ForkJoinPool.java:1339) [scala-library.jar:na]
	at scala.concurrent.forkjoin.ForkJoinPool.runWorker(ForkJoinPool.java:1979) [scala-library.jar:na]
	at scala.concurrent.forkjoin.ForkJoinWorkerThread.run(ForkJoinWorkerThread.java:107) [scala-library.jar:na]
Caused by: java.lang.UnsupportedOperationException: Not yet implemented.
	at models.QuizDAO.findEntities(QuizDAO.java:101) ~[na:na]
	at controllers.Quiz.createNewGame(Quiz.java:41) ~[na:na]
	at controllers.Quiz.newGame(Quiz.java:35) ~[na:na]
	at Routes$$anonfun$routes$1$$anonfun$applyOrElse$9$$anonfun$apply$9.apply(routes_routing.scala:165) ~[na:na]
	at Routes$$anonfun$routes$1$$anonfun$applyOrElse$9$$anonfun$apply$9.apply(routes_routing.scala:165) ~[na:na]
	at play.core.Router$HandlerInvoker$$anon$7$$anon$2.invocation(Router.scala:183) ~[play_2.10-2.2.2.jar:2.2.2]
	at play.core.Router$Routes$$anon$1.invocation(Router.scala:377) ~[play_2.10-2.2.2.jar:2.2.2]
	at play.core.j.JavaAction$$anon$1.call(JavaAction.scala:56) ~[play_2.10-2.2.2.jar:2.2.2]
	at play.GlobalSettings$1.call(GlobalSettings.java:64) ~[play_2.10-2.2.2.jar:2.2.2]
	at play.mvc.Security$AuthenticatedAction.call(Security.java:45) ~[play_2.10-2.2.2.jar:2.2.2]
	at play.db.jpa.TransactionalAction$1.apply(TransactionalAction.java:20) ~[play-java-jpa_2.10-2.2.2.jar:2.2.2]
	at play.db.jpa.TransactionalAction$1.apply(TransactionalAction.java:18) ~[play-java-jpa_2.10-2.2.2.jar:2.2.2]
	at play.db.jpa.JPA.withTransactionAsync(JPA.java:177) ~[play-java-jpa_2.10-2.2.2.jar:2.2.2]
	at play.db.jpa.TransactionalAction.call(TransactionalAction.java:15) ~[play-java-jpa_2.10-2.2.2.jar:2.2.2]
	at play.core.j.JavaAction$$anon$3.apply(JavaAction.scala:91) ~[play_2.10-2.2.2.jar:2.2.2]
	at play.core.j.JavaAction$$anon$3.apply(JavaAction.scala:90) ~[play_2.10-2.2.2.jar:2.2.2]
	at play.core.j.FPromiseHelper$$anonfun$flatMap$1.apply(FPromiseHelper.scala:82) ~[play_2.10-2.2.2.jar:2.2.2]
	at play.core.j.FPromiseHelper$$anonfun$flatMap$1.apply(FPromiseHelper.scala:82) ~[play_2.10-2.2.2.jar:2.2.2]
	at scala.concurrent.Future$$anonfun$flatMap$1.apply(Future.scala:251) ~[scala-library.jar:na]
	at scala.concurrent.Future$$anonfun$flatMap$1.apply(Future.scala:249) ~[scala-library.jar:na]
	at scala.concurrent.impl.CallbackRunnable.run(Promise.scala:32) [scala-library.jar:na]
	at play.core.j.HttpExecutionContext$$anon$2.run(HttpExecutionContext.scala:37) ~[play_2.10-2.2.2.jar:2.2.2]
	at akka.dispatch.TaskInvocation.run(AbstractDispatcher.scala:42) ~[akka-actor_2.10.jar:2.2.0]
	at akka.dispatch.ForkJoinExecutorConfigurator$AkkaForkJoinTask.exec(AbstractDispatcher.scala:386) ~[akka-actor_2.10.jar:2.2.0]
	... 4 common frames omitted

